生成启动时间为 2014/12/8 10:29:50。
     1>项目“C:\Users\Robert Luo\Documents\Visual Studio 2010\Projects\576proj3\576proj\576proj.vcxproj”在节点 2 上(build 个目标)。
     1>InitializeBuildStatus:
         正在创建“Debug\576proj.unsuccessfulbuild”，因为已指定“AlwaysCreate”。
       ClCompile:
         c:\Program Files (x86)\Microsoft Visual Studio 10.0\VC\bin\CL.exe /c /I"C:\Users\Robert Luo\Documents\study\multimedia\opencv\build\x86\vc10\..\..\include" /ZI /nologo /W3 /WX- /Od /Oy- /D WIN32 /D _DEBUG /D _CONSOLE /D _UNICODE /D UNICODE /Gm /EHsc /RTC1 /MDd /GS /fp:precise /Zc:wchar_t /Zc:forScope /Fo"Debug\\" /Fd"Debug\vc100.pdb" /Gd /TP /analyze- /errorReport:prompt main.cpp
         main.cpp
     1>c:\users\robert luo\documents\visual studio 2010\projects\576proj3\576proj\cluster.h(45): warning C4018: “<”: 有符号/无符号不匹配
     1>c:\users\robert luo\documents\visual studio 2010\projects\576proj3\576proj\main.cpp(27): warning C4018: “>”: 有符号/无符号不匹配
     1>c:\users\robert luo\documents\visual studio 2010\projects\576proj3\576proj\main.cpp(100): warning C4018: “<”: 有符号/无符号不匹配
     1>c:\users\robert luo\documents\visual studio 2010\projects\576proj3\576proj\main.cpp(121): warning C4018: “<”: 有符号/无符号不匹配
     1>c:\users\robert luo\documents\visual studio 2010\projects\576proj3\576proj\main.cpp(175): warning C4244: “参数”: 从“float”转换到“int”，可能丢失数据
     1>c:\users\robert luo\documents\visual studio 2010\projects\576proj3\576proj\main.cpp(175): warning C4244: “参数”: 从“float”转换到“int”，可能丢失数据
     1>c:\users\robert luo\documents\visual studio 2010\projects\576proj3\576proj\main.cpp(176): warning C4244: “参数”: 从“float”转换到“int”，可能丢失数据
     1>c:\users\robert luo\documents\visual studio 2010\projects\576proj3\576proj\main.cpp(176): warning C4244: “参数”: 从“float”转换到“int”，可能丢失数据
     1>c:\users\robert luo\documents\visual studio 2010\projects\576proj3\576proj\main.cpp(177): warning C4244: “参数”: 从“float”转换到“int”，可能丢失数据
     1>c:\users\robert luo\documents\visual studio 2010\projects\576proj3\576proj\main.cpp(177): warning C4244: “参数”: 从“float”转换到“int”，可能丢失数据
     1>c:\users\robert luo\documents\visual studio 2010\projects\576proj3\576proj\main.cpp(192): warning C4018: “<”: 有符号/无符号不匹配
     1>c:\users\robert luo\documents\visual studio 2010\projects\576proj3\576proj\main.cpp(198): warning C4244: “参数”: 从“float”转换到“int”，可能丢失数据
     1>c:\users\robert luo\documents\visual studio 2010\projects\576proj3\576proj\main.cpp(198): warning C4244: “参数”: 从“float”转换到“int”，可能丢失数据
     1>c:\users\robert luo\documents\visual studio 2010\projects\576proj3\576proj\main.cpp(239): warning C4018: “<”: 有符号/无符号不匹配
     1>c:\users\robert luo\documents\visual studio 2010\projects\576proj3\576proj\main.cpp(319): warning C4018: “<”: 有符号/无符号不匹配
     1>c:\users\robert luo\documents\visual studio 2010\projects\576proj3\576proj\main.cpp(372): warning C4018: “<”: 有符号/无符号不匹配
     1>c:\users\robert luo\documents\visual studio 2010\projects\576proj3\576proj\main.cpp(380): warning C4244: “参数”: 从“float”转换到“int”，可能丢失数据
     1>c:\users\robert luo\documents\visual studio 2010\projects\576proj3\576proj\main.cpp(380): warning C4244: “参数”: 从“float”转换到“int”，可能丢失数据
     1>c:\users\robert luo\documents\visual studio 2010\projects\576proj3\576proj\main.cpp(429): warning C4018: “<”: 有符号/无符号不匹配
     1>c:\users\robert luo\documents\visual studio 2010\projects\576proj3\576proj\main.cpp(436): warning C4018: “<”: 有符号/无符号不匹配
     1>c:\users\robert luo\documents\visual studio 2010\projects\576proj3\576proj\main.cpp(442): warning C4018: “<”: 有符号/无符号不匹配
     1>c:\users\robert luo\documents\visual studio 2010\projects\576proj3\576proj\main.cpp(449): warning C4018: “<”: 有符号/无符号不匹配
     1>c:\users\robert luo\documents\visual studio 2010\projects\576proj3\576proj\main.cpp(450): warning C4018: “<”: 有符号/无符号不匹配
     1>c:\users\robert luo\documents\visual studio 2010\projects\576proj3\576proj\main.cpp(462): warning C4018: “<”: 有符号/无符号不匹配
       ManifestResourceCompile:
         所有输出均为最新。
       Link:
         c:\Program Files (x86)\Microsoft Visual Studio 10.0\VC\bin\link.exe /ERRORREPORT:PROMPT /OUT:"C:\Users\Robert Luo\Documents\Visual Studio 2010\Projects\576proj3\Debug\576proj.exe" /INCREMENTAL /NOLOGO /LIBPATH:"C:\Users\Robert Luo\Documents\study\multimedia\opencv\build\x86\vc10\lib" opencv_core249d.lib opencv_imgproc249d.lib opencv_highgui249d.lib opencv_ml249d.lib opencv_video249d.lib opencv_features2d249d.lib opencv_calib3d249d.lib opencv_objdetect249d.lib opencv_contrib249d.lib opencv_legacy249d.lib opencv_flann249d.lib opencv_nonfree249d.lib kernel32.lib user32.lib gdi32.lib winspool.lib comdlg32.lib advapi32.lib shell32.lib ole32.lib oleaut32.lib uuid.lib odbc32.lib odbccp32.lib /MANIFEST /ManifestFile:"Debug\576proj.exe.intermediate.manifest" /MANIFESTUAC:"level='asInvoker' uiAccess='false'" /DEBUG /PDB:"C:\Users\Robert Luo\Documents\Visual Studio 2010\Projects\576proj3\Debug\576proj.pdb" /SUBSYSTEM:CONSOLE /TLBID:1 /DYNAMICBASE /NXCOMPAT /IMPLIB:"C:\Users\Robert Luo\Documents\Visual Studio 2010\Projects\576proj3\Debug\576proj.lib" /MACHINE:X86 Debug\576proj.exe.embed.manifest.res
         Debug\faceDetect.obj
         Debug\histogram.obj
         Debug\main.obj
         Debug\show.obj
         Debug\sift.obj
         Debug\util.obj
       Manifest:
         C:\Program Files (x86)\Microsoft SDKs\Windows\v7.0A\bin\mt.exe /nologo /verbose /out:"Debug\576proj.exe.embed.manifest" /manifest Debug\576proj.exe.intermediate.manifest
         所有输出均为最新。
       LinkEmbedManifest:
         所有输出均为最新。
         576proj.vcxproj -> C:\Users\Robert Luo\Documents\Visual Studio 2010\Projects\576proj3\Debug\576proj.exe
       FinalizeBuildStatus:
         正在删除文件“Debug\576proj.unsuccessfulbuild”。
         正在对“Debug\576proj.lastbuildstate”执行 Touch 任务。
     1>已完成生成项目“C:\Users\Robert Luo\Documents\Visual Studio 2010\Projects\576proj3\576proj\576proj.vcxproj”(build 个目标)的操作。

生成成功。

已用时间 00:00:01.93
